<?xml version="1.0" encoding="UTF-8"?>
<testsuite name="learning.exemplos.LibraryTest" tests="1" skipped="0" failures="0" errors="0" timestamp="2017-05-25T16:21:58" hostname="e-098476" time="0.001">
  <properties/>
  <testcase name="testSomeLibraryMethod" classname="learning.exemplos.LibraryTest" time="0.001"/>
  <system-out><![CDATA[]]></system-out>
  <system-err><![CDATA[]]></system-err>
</testsuite>
